d:\dev\项目\音频\音视频\videoclient\videoclient\debug\videoclient.pch
d:\dev\项目\音频\音视频\videoclient\videoclient\debug\vc142.pdb
d:\dev\项目\音频\音视频\videoclient\videoclient\debug\vc142.idb
d:\dev\项目\音频\音视频\videoclient\videoclient\debug\pch.obj
d:\dev\项目\音频\音视频\videoclient\videoclient\debug\videoclientdlg.obj
d:\dev\项目\音频\音视频\videoclient\videoclient\debug\videoclient.obj
d:\dev\项目\音频\音视频\videoclient\videoclient\debug\videoclient.res
d:\dev\项目\音频\音视频\videoclient\debug\videoclient.pdb
d:\dev\项目\音频\音视频\videoclient\videoclient\debug\videoclient.tlog\cl.command.1.tlog
d:\dev\项目\音频\音视频\videoclient\videoclient\debug\videoclient.tlog\cl.read.1.tlog
d:\dev\项目\音频\音视频\videoclient\videoclient\debug\videoclient.tlog\cl.write.1.tlog
d:\dev\项目\音频\音视频\videoclient\videoclient\debug\videoclient.tlog\link-cvtres.read.1.tlog
d:\dev\项目\音频\音视频\videoclient\videoclient\debug\videoclient.tlog\link-cvtres.write.1.tlog
d:\dev\项目\音频\音视频\videoclient\videoclient\debug\videoclient.tlog\link-mt.read.1.tlog
d:\dev\项目\音频\音视频\videoclient\videoclient\debug\videoclient.tlog\link-mt.write.1.tlog
d:\dev\项目\音频\音视频\videoclient\videoclient\debug\videoclient.tlog\link-rc.read.1.tlog
d:\dev\项目\音频\音视频\videoclient\videoclient\debug\videoclient.tlog\link-rc.write.1.tlog
d:\dev\项目\音频\音视频\videoclient\videoclient\debug\videoclient.tlog\link.command.1.tlog
d:\dev\项目\音频\音视频\videoclient\videoclient\debug\videoclient.tlog\link.read.1.tlog
d:\dev\项目\音频\音视频\videoclient\videoclient\debug\videoclient.tlog\link.write.1.tlog
d:\dev\项目\音频\音视频\videoclient\videoclient\debug\videoclient.tlog\rc.command.1.tlog
d:\dev\项目\音频\音视频\videoclient\videoclient\debug\videoclient.tlog\rc.read.1.tlog
d:\dev\项目\音频\音视频\videoclient\videoclient\debug\videoclient.tlog\rc.write.1.tlog
